Watching for file changes with StatReloader
Waiting for apps ready_event.
Apps ready_event triggered. Sending autoreload_started signal.
Watching dir C:\Programy\Python\Zadania\django_zaawansowany\templates with glob **/*.
Watching dir C:\Programy\Python\Zadania\django_zaawansowany\venv\lib\site-packages\django_extensions\templates with glob **/*.
Watching dir C:\Programy\Python\Zadania\django_zaawansowany\locale with glob **/*.mo.
Watching dir C:\Programy\Python\Zadania\django_zaawansowany\venv\lib\site-packages\django_extensions\locale with glob **/*.mo.
Watching dir C:\Programy\Python\Zadania\django_zaawansowany\library\locale with glob **/*.mo.
(0.000) 
            SELECT name, type FROM sqlite_master
            WHERE type in ('table', 'view') AND NOT name='sqlite_sequence'
            ORDER BY name; args=None; alias=default
(0.000) SELECT "django_migrations"."id", "django_migrations"."app", "django_migrations"."name", "django_migrations"."applied" FROM "django_migrations"; args=(); alias=default
File C:\Programy\Python\Zadania\django_zaawansowany\venv\Lib\site-packages\django\db\backends\base\validation.py first seen with mtime 1687160377.7334023
File C:\Program Files\Python38\Lib\encodings\cp1250.py first seen with mtime 1582666236.0
File C:\Programy\Python\Zadania\django_zaawansowany\venv\Lib\site-packages\django\views\generic\detail.py first seen with mtime 1687160377.8968935
File C:\Programy\Python\Zadania\django_zaawansowany\venv\Lib\site-packages\django\core\exceptions.py first seen with mtime 1687160377.6749005
File C:\Program Files\Python38\Lib\logging\config.py first seen with mtime 1582666236.0
File C:\Programy\Python\Zadania\django_zaawansowany\venv\Lib\site-packages\django\contrib\staticfiles\views.py first seen with mtime 1687160377.6619568
File C:\Programy\Python\Zadania\django_zaawansowany\venv\Lib\site-packages\django\core\files\__init__.py first seen with mtime 1687160377.6898599
File C:\Program Files\Python38\Lib\asyncio\base_tasks.py first seen with mtime 1582666236.0
File C:\Programy\Python\Zadania\django_zaawansowany\venv\Lib\site-packages\django\templatetags\__init__.py first seen with mtime 1687160377.8535306
File C:\Program Files\Python38\Lib\json\decoder.py first seen with mtime 1582666236.0
File C:\Program Files\Python38\Lib\urllib\response.py first seen with mtime 1582666236.0
File C:\Programy\Python\Zadania\django_zaawansowany\venv\Lib\site-packages\django\core\checks\registry.py first seen with mtime 1687160377.6858704
File C:\Program Files\Python38\Lib\concurrent\__init__.py first seen with mtime 1582666236.0
File C:\Programy\Python\Zadania\django_zaawansowany\venv\Lib\site-packages\django\contrib\staticfiles\management\commands\runserver.py first seen with mtime 1687160377.6719465
File C:\Program Files\Python38\Lib\uuid.py first seen with mtime 1582666236.0
File C:\Program Files\Python38\Lib\email\__init__.py first seen with mtime 1582666236.0
File C:\Program Files\Python38\Lib\socket.py first seen with mtime 1582666236.0
File C:\Program Files\Python38\Lib\asyncio\runners.py first seen with mtime 1582666236.0
File C:\Program Files\Python38\Lib\wsgiref\handlers.py first seen with mtime 1582666236.0
File C:\Programy\Python\Zadania\django_zaawansowany\venv\Lib\site-packages\django\urls\resolvers.py first seen with mtime 1687160377.8620577
File C:\Programy\Python\Zadania\django_zaawansowany\venv\Lib\site-packages\django\views\decorators\debug.py first seen with mtime 1687160377.892907
File C:\Programy\Python\Zadania\django_zaawansowany\venv\Lib\site-packages\django\db\migrations\__init__.py first seen with mtime 1687160377.7548633
File C:\Programy\Python\Zadania\django_zaawansowany\venv\Lib\site-packages\django\contrib\sessions\exceptions.py first seen with mtime 1687160377.42417
File C:\Programy\Python\Zadania\django_zaawansowany\venv\Lib\site-packages\sqlparse\__init__.py first seen with mtime 1687160377.985515
File C:\Programy\Python\Zadania\django_zaawansowany\venv\Lib\site-packages\django\contrib\admin\exceptions.py first seen with mtime 1687160376.0256734
File C:\Program Files\Python38\Lib\threading.py first seen with mtime 1582666236.0
File C:\Programy\Python\Zadania\django_zaawansowany\venv\Lib\site-packages\django\utils\itercompat.py first seen with mtime 1687160377.8779151
File C:\Programy\Python\Zadania\django_zaawansowany\venv\Lib\site-packages\django\utils\inspect.py first seen with mtime 1687160377.8769183
File C:\Program Files\Python38\Lib\pathlib.py first seen with mtime 1582666236.0
File C:\Programy\Python\Zadania\django_zaawansowany\venv\Lib\site-packages\sqlparse\engine\grouping.py first seen with mtime 1687160377.9915009
File C:\Program Files\Python38\Lib\asyncio\windows_events.py first seen with mtime 1582666236.0
File C:\Program Files\Python38\Lib\ctypes\wintypes.py first seen with mtime 1582666236.0
File C:\Program Files\Python38\Lib\email\utils.py first seen with mtime 1582666236.0
File C:\Programy\Python\Zadania\django_zaawansowany\venv\Lib\site-packages\django\utils\translation\reloader.py first seen with mtime 1687160377.8858936
File C:\Program Files\Python38\Lib\asyncio\trsock.py first seen with mtime 1582666236.0
File C:\Programy\Python\Zadania\django_zaawansowany\venv\Lib\site-packages\django\db\models\sql\query.py first seen with mtime 1687160377.786037
File C:\Programy\Python\Zadania\django_zaawansowany\venv\Lib\site-packages\django\contrib\sessions\middleware.py first seen with mtime 1687160377.42417
File C:\Programy\Python\Zadania\django_zaawansowany\venv\Lib\site-packages\django\utils\html.py first seen with mtime 1687160377.875921
File C:\Programy\Python\Zadania\django_zaawansowany\venv\Lib\site-packages\django\db\migrations\utils.py first seen with mtime 1687160377.7620368
File C:\Program Files\Python38\Lib\mimetypes.py first seen with mtime 1582666236.0
File C:\Programy\Python\Zadania\django_zaawansowany\venv\Lib\site-packages\sqlparse\utils.py first seen with mtime 1687160377.9895062
File C:\Program Files\Python38\Lib\multiprocessing\reduction.py first seen with mtime 1582666236.0
File C:\Programy\Python\Zadania\django_zaawansowany\venv\Lib\site-packages\django\template\exceptions.py first seen with mtime 1687160377.8455524
File C:\Programy\Python\Zadania\django_zaawansowany\venv\Lib\site-packages\django\views\generic\dates.py first seen with mtime 1687160377.8958936
File C:\Programy\Python\Zadania\django_zaawansowany\venv\Lib\site-packages\backports\zoneinfo\_version.py first seen with mtime 1687160378.0744898
File C:\Program Files\Python38\Lib\calendar.py first seen with mtime 1582666236.0
File C:\Programy\Python\Zadania\django_zaawansowany\venv\Lib\site-packages\django\urls\converters.py first seen with mtime 1687160377.8620577
File C:\Programy\Python\Zadania\django_zaawansowany\library\models.py first seen with mtime 1687338843.2028751
File C:\Program Files\Python38\Lib\io.py first seen with mtime 1582666236.0
File C:\Program Files\Python38\Lib\signal.py first seen with mtime 1582666236.0
File C:\Programy\Python\Zadania\django_zaawansowany\venv\Lib\site-packages\django\contrib\sessions\apps.py first seen with mtime 1687160377.42417
File C:\Programy\Python\Zadania\django_zaawansowany\venv\Lib\site-packages\django\db\models\functions\mixins.py first seen with mtime 1687160377.7820454
File C:\Program Files\Python38\DLLs\_hashlib.pyd first seen with mtime 1582666254.0
File C:\Programy\Python\Zadania\django_zaawansowany\venv\Lib\site-packages\django\contrib\admin\views\autocomplete.py first seen with mtime 1687160376.3435447
File C:\Program Files\Python38\DLLs\_queue.pyd first seen with mtime 1582666254.0
File C:\Programy\Python\Zadania\django_zaawansowany\venv\Lib\site-packages\django\urls\base.py first seen with mtime 1687160377.8620577
File C:\Program Files\Python38\Lib\fnmatch.py first seen with mtime 1582666236.0
File C:\Program Files\Python38\Lib\heapq.py first seen with mtime 1582666236.0
File C:\Programy\Python\Zadania\django_zaawansowany\venv\Lib\site-packages\django\contrib\staticfiles\checks.py first seen with mtime 1687160377.6619568
File C:\Programy\Python\Zadania\django_zaawansowany\venv\Lib\site-packages\django\core\files\uploadedfile.py first seen with mtime 1687160377.6923008
File C:\Program Files\Python38\Lib\keyword.py first seen with mtime 1582666236.0
File C:\Programy\Python\Zadania\django_zaawansowany\venv\Lib\site-packages\django_extensions\templatetags\debugger_tags.py first seen with mtime 1687165953.7450986
File C:\Programy\Python\Zadania\django_zaawansowany\venv\Lib\site-packages\django\contrib\admin\sites.py first seen with mtime 1687160376.0256734
File C:\Programy\Python\Zadania\django_zaawansowany\venv\Lib\site-packages\django\template\backends\__init__.py first seen with mtime 1687160377.8485444
File C:\Programy\Python\Zadania\django_zaawansowany\venv\Lib\site-packages\django\contrib\contenttypes\forms.py first seen with mtime 1687160376.601906
File C:\Programy\Python\Zadania\django_zaawansowany\venv\Lib\site-packages\django\core\validators.py first seen with mtime 1687160377.6768944
File C:\Programy\Python\Zadania\django_zaawansowany\venv\Lib\site-packages\django\views\generic\list.py first seen with mtime 1687160377.8978908
File C:\Program Files\Python38\Lib\asyncio\staggered.py first seen with mtime 1582666236.0
File C:\Programy\Python\Zadania\django_zaawansowany\venv\Lib\site-packages\django\db\migrations\operations\fields.py first seen with mtime 1687160377.7620368
File C:\Programy\Python\Zadania\django_zaawansowany\venv\Lib\site-packages\django\contrib\admin\helpers.py first seen with mtime 1687160376.0256734
File C:\Programy\Python\Zadania\django_zaawansowany\venv\Lib\site-packages\django\core\checks\translation.py first seen with mtime 1687160377.6868677
File C:\Program Files\Python38\Lib\token.py first seen with mtime 1582666236.0
File C:\Programy\Python\Zadania\django_zaawansowany\venv\Lib\site-packages\django\db\models\options.py first seen with mtime 1687160377.7620368
File C:\Program Files\Python38\Lib\dis.py first seen with mtime 1582666236.0
File C:\Programy\Python\Zadania\django_zaawansowany\venv\Lib\site-packages\django\core\files\base.py first seen with mtime 1687160377.6907876
File C:\Programy\Python\Zadania\django_zaawansowany\venv\Lib\site-packages\django\utils\http.py first seen with mtime 1687160377.875921
File C:\Program Files\Python38\Lib\nturl2path.py first seen with mtime 1582666236.0
File C:\Programy\Python\Zadania\django_zaawansowany\venv\Lib\site-packages\django\contrib\staticfiles\management\__init__.py first seen with mtime 1687160377.6619568
File C:\Program Files\Python38\Lib\hashlib.py first seen with mtime 1582666236.0
File C:\Program Files\Python38\DLLs\_overlapped.pyd first seen with mtime 1582666254.0
File C:\Programy\Python\Zadania\django_zaawansowany\venv\Lib\site-packages\django\utils\timesince.py first seen with mtime 1687160377.8819046
File C:\Programy\Python\Zadania\django_zaawansowany\venv\Lib\site-packages\django\db\migrations\migration.py first seen with mtime 1687160377.7575052
File C:\Programy\Python\Zadania\django_zaawansowany\venv\Lib\site-packages\django\core\management\commands\runserver.py first seen with mtime 1687160377.7148166
File C:\Programy\Python\Zadania\django_zaawansowany\venv\Lib\site-packages\django\core\handlers\exception.py first seen with mtime 1687160377.6923008
File C:\Programy\Python\Zadania\django_zaawansowany\venv\Lib\site-packages\django\forms\forms.py first seen with mtime 1687160377.7908225
File C:\Program Files\Python38\DLLs\_lzma.pyd first seen with mtime 1582666254.0
File C:\Program Files\Python38\Lib\base64.py first seen with mtime 1582666236.0
File C:\Programy\Python\Zadania\django_zaawansowany\venv\Lib\site-packages\django\db\backends\sqlite3\_functions.py first seen with mtime 1687160377.750874
File C:\Program Files\Python38\Lib\email\mime\text.py first seen with mtime 1582666236.0
File C:\Programy\Python\Zadania\django_zaawansowany\venv\Lib\site-packages\django\db\migrations\operations\models.py first seen with mtime 1687160377.7620368
File C:\Program Files\Python38\Lib\asyncio\queues.py first seen with mtime 1582666236.0
File C:\Program Files\Python38\Lib\asyncio\selector_events.py first seen with mtime 1582666236.0
File C:\Program Files\Python38\Lib\importlib\__init__.py first seen with mtime 1582666236.0
File C:\Programy\Python\Zadania\django_zaawansowany\venv\Lib\site-packages\django\db\models\sql\__init__.py first seen with mtime 1687160377.7830453
File C:\Program Files\Python38\Lib\_sitebuiltins.py first seen with mtime 1582666236.0
File C:\Programy\Python\Zadania\django_zaawansowany\venv\Lib\site-packages\django\templatetags\tz.py first seen with mtime 1687160377.8555253
File C:\Programy\Python\Zadania\django_zaawansowany\venv\Lib\site-packages\pygments\styles\__init__.py first seen with mtime 1687166258.5213976
File C:\Program Files\Python38\Lib\glob.py first seen with mtime 1582666236.0
File C:\Programy\Python\Zadania\django_zaawansowany\venv\Lib\site-packages\django\utils\encoding.py first seen with mtime 1687160377.8720665
File C:\Program Files\Python38\Lib\struct.py first seen with mtime 1582666236.0
File C:\Program Files\Python38\Lib\asyncio\proactor_events.py first seen with mtime 1582666236.0
File C:\Program Files\Python38\Lib\queue.py first seen with mtime 1582666236.0
File C:\Program Files\Python38\Lib\sre_constants.py first seen with mtime 1582666236.0
File C:\Programy\Python\Zadania\django_zaawansowany\venv\Lib\site-packages\django\contrib\auth\models.py first seen with mtime 1687160376.4619393
File C:\Program Files\Python38\Lib\email\message.py first seen with mtime 1582666236.0
File C:\Programy\Python\Zadania\django_zaawansowany\venv\Lib\site-packages\django\utils\connection.py first seen with mtime 1687160377.8620577
File C:\Programy\Python\Zadania\django_zaawansowany\library\__init__.py first seen with mtime 1687339012.6224835
File C:\Programy\Python\Zadania\django_zaawansowany\venv\Lib\site-packages\django\core\checks\templates.py first seen with mtime 1687160377.6858704
File C:\Programy\Python\Zadania\django_zaawansowany\venv\Lib\site-packages\sqlparse\keywords.py first seen with mtime 1687160377.9875114
File C:\Programy\Python\Zadania\django_zaawansowany\venv\Lib\site-packages\django\template\loaders\filesystem.py first seen with mtime 1687160377.8525577
File C:\Program Files\Python38\Lib\_markupbase.py first seen with mtime 1582666236.0
File C:\Programy\Python\Zadania\django_zaawansowany\venv\Lib\site-packages\django\template\response.py first seen with mtime 1687160377.8465495
File C:\Program Files\Python38\Lib\_compression.py first seen with mtime 1582666236.0
File C:\Programy\Python\Zadania\django_zaawansowany\venv\Lib\site-packages\django\utils\dateparse.py first seen with mtime 1687160377.8620577
File C:\Program Files\Python38\Lib\string.py first seen with mtime 1582666236.0
File C:\Programy\Python\Zadania\django_zaawansowany\venv\Lib\site-packages\django\core\handlers\wsgi.py first seen with mtime 1687160377.6923008
File C:\Programy\Python\Zadania\django_zaawansowany\venv\Lib\site-packages\django\core\mail\__init__.py first seen with mtime 1687160377.6923008
File C:\Programy\Python\Zadania\django_zaawansowany\venv\Lib\site-packages\django\template\backends\base.py first seen with mtime 1687160377.8485444
File C:\Programy\Python\Zadania\django_zaawansowany\venv\Lib\site-packages\django\core\files\storage\base.py first seen with mtime 1687160377.6923008
File C:\Programy\Python\Zadania\django_zaawansowany\venv\Lib\site-packages\django\utils\deprecation.py first seen with mtime 1687160377.8720665
File C:\Programy\Python\Zadania\django_zaawansowany\venv\Lib\site-packages\django\urls\conf.py first seen with mtime 1687160377.8620577
File C:\Program Files\Python38\Lib\email\generator.py first seen with mtime 1582666236.0
File C:\Programy\Python\Zadania\django_zaawansowany\venv\Lib\site-packages\sqlparse\tokens.py first seen with mtime 1687160377.9895062
File C:\Programy\Python\Zadania\django_zaawansowany\venv\Lib\site-packages\colorama\initialise.py first seen with mtime 1687166257.7917864
File C:\Programy\Python\Zadania\django_zaawansowany\venv\Lib\site-packages\django_extensions\apps.py first seen with mtime 1687165953.6670215
File C:\Program Files\Python38\Lib\importlib\abc.py first seen with mtime 1582666236.0
File C:\Programy\Python\Zadania\django_zaawansowany\venv\Lib\site-packages\django\utils\numberformat.py first seen with mtime 1687160377.87991
File C:\Programy\Python\Zadania\django_zaawansowany\venv\Lib\site-packages\django\db\backends\signals.py first seen with mtime 1687160377.7241812
File C:\Programy\Python\Zadania\django_zaawansowany\venv\Lib\site-packages\django\conf\global_settings.py first seen with mtime 1687160375.824216
File C:\Programy\Python\Zadania\django_zaawansowany\venv\Lib\site-packages\django\core\checks\urls.py first seen with mtime 1687160377.6868677
File C:\Programy\Python\Zadania\django_zaawansowany\venv\Lib\site-packages\django\core\mail\utils.py first seen with mtime 1687160377.6923008
File C:\Program Files\Python38\Lib\encodings\__init__.py first seen with mtime 1582666236.0
File C:\Programy\Python\Zadania\django_zaawansowany\venv\Lib\site-packages\django\contrib\contenttypes\views.py first seen with mtime 1687160376.601906
File C:\Programy\Python\Zadania\django_zaawansowany\venv\Lib\site-packages\django\core\handlers\__init__.py first seen with mtime 1687160377.6923008
File C:\Program Files\Python38\DLLs\_decimal.pyd first seen with mtime 1582666254.0
File C:\Programy\Python\Zadania\django_zaawansowany\venv\Lib\site-packages\django\shortcuts.py first seen with mtime 1687160375.824216
File C:\Program Files\Python38\Lib\asyncio\format_helpers.py first seen with mtime 1582666236.0
File C:\Program Files\Python38\Lib\asyncio\futures.py first seen with mtime 1582666236.0
File C:\Programy\Python\Zadania\django_zaawansowany\venv\Lib\site-packages\pygments\formatters\html.py first seen with mtime 1687166258.4039319
File C:\Programy\Python\Zadania\django_zaawansowany\venv\Lib\site-packages\sqlparse\filters\right_margin.py first seen with mtime 1687160377.9924982
File C:\Programy\Python\Zadania\django_zaawansowany\venv\Lib\site-packages\django\views\generic\base.py first seen with mtime 1687160377.8958936
File C:\Programy\Python\Zadania\django_zaawansowany\venv\Lib\site-packages\django\contrib\messages\storage\base.py first seen with mtime 1687160377.209222
File C:\Programy\Python\Zadania\django_zaawansowany\venv\Lib\site-packages\django\db\models\lookups.py first seen with mtime 1687160377.7620368
File C:\Program Files\Python38\Lib\datetime.py first seen with mtime 1582666236.0
File C:\Programy\Python\Zadania\django_zaawansowany\venv\Lib\site-packages\django\db\migrations\operations\__init__.py first seen with mtime 1687160377.7620368
File C:\Programy\Python\Zadania\django_zaawansowany\venv\Lib\site-packages\django\db\models\__init__.py first seen with mtime 1687160377.7620368
File C:\Programy\Python\Zadania\django_zaawansowany\venv\Lib\site-packages\django\contrib\admin\filters.py first seen with mtime 1687160376.0256734
File C:\Programy\Python\Zadania\django_zaawansowany\venv\Lib\site-packages\django\db\models\functions\window.py first seen with mtime 1687160377.7830453
File C:\Programy\Python\Zadania\django_zaawansowany\venv\Lib\site-packages\backports\zoneinfo\__init__.py first seen with mtime 1687160378.0621836
File C:\Program Files\Python38\Lib\wsgiref\util.py first seen with mtime 1582666236.0
File C:\Program Files\Python38\Lib\json\__init__.py first seen with mtime 1582666236.0
File C:\Program Files\Python38\Lib\typing.py first seen with mtime 1582666236.0
File C:\Programy\Python\Zadania\django_zaawansowany\venv\Lib\site-packages\django\contrib\auth\views.py first seen with mtime 1687160376.4619393
File C:\Programy\Python\Zadania\django_zaawansowany\venv\Lib\site-packages\pygments\modeline.py first seen with mtime 1687166258.3918953
File C:\Programy\Python\Zadania\django_zaawansowany\venv\Lib\site-packages\django\apps\registry.py first seen with mtime 1687160375.824216
File C:\Programy\Python\Zadania\django_zaawansowany\venv\Lib\site-packages\colorama\ansi.py first seen with mtime 1687166257.7917864
File C:\Programy\Python\Zadania\django_zaawansowany\venv\Lib\site-packages\django\db\models\functions\text.py first seen with mtime 1687160377.7820454
File C:\Programy\Python\Zadania\django_zaawansowany\venv\Lib\site-packages\django\templatetags\static.py first seen with mtime 1687160377.8555253
File C:\Programy\Python\Zadania\django_zaawansowany\venv\Lib\site-packages\django\template\loaders\cached.py first seen with mtime 1687160377.8525577
File C:\Programy\Python\Zadania\django_zaawansowany\venv\Lib\site-packages\django\db\models\utils.py first seen with mtime 1687160377.7731845
File C:\Programy\Python\Zadania\django_zaawansowany\venv\Lib\site-packages\django\contrib\auth\__init__.py first seen with mtime 1687160376.4619393
File C:\Programy\Python\Zadania\django_zaawansowany\venv\Lib\site-packages\django\core\management\commands\__init__.py first seen with mtime 1687160377.707836
File C:\Program Files\Python38\Lib\site.py first seen with mtime 1582666236.0
File C:\Programy\Python\Zadania\django_zaawansowany\venv\Lib\site-packages\django\contrib\contenttypes\admin.py first seen with mtime 1687160376.5923316
File C:\Program Files\Python38\Lib\pkgutil.py first seen with mtime 1582666236.0
File C:\Program Files\Python38\Lib\email\policy.py first seen with mtime 1582666236.0
File C:\Programy\Python\Zadania\django_zaawansowany\venv\Lib\site-packages\django\template\defaultfilters.py first seen with mtime 1687160377.8435578
File C:\Program Files\Python38\Lib\email\iterators.py first seen with mtime 1582666236.0
File C:\Program Files\Python38\Lib\sre_compile.py first seen with mtime 1582666236.0
File C:\Programy\Python\Zadania\django_zaawansowany\venv\Lib\site-packages\django\contrib\auth\hashers.py first seen with mtime 1687160376.4619393
File C:\Program Files\Python38\Lib\hmac.py first seen with mtime 1582666236.0
File C:\Programy\Python\Zadania\django_zaawansowany\venv\Lib\site-packages\django\urls\__init__.py first seen with mtime 1687160377.8574884
File C:\Program Files\Python38\Lib\ctypes\__init__.py first seen with mtime 1582666236.0
File C:\Programy\Python\Zadania\django_zaawansowany\venv\Lib\site-packages\django\core\checks\__init__.py first seen with mtime 1687160377.6828778
File C:\Program Files\Python38\Lib\asyncio\base_subprocess.py first seen with mtime 1582666236.0
File C:\Programy\Python\Zadania\django_zaawansowany\venv\Lib\site-packages\colorama\__init__.py first seen with mtime 1687166257.7917864
File C:\Programy\Python\Zadania\django_zaawansowany\venv\Lib\site-packages\django\http\request.py first seen with mtime 1687160377.832087
File C:\Program Files\Python38\Lib\socketserver.py first seen with mtime 1582666236.0
File C:\Programy\Python\Zadania\django_zaawansowany\venv\Lib\site-packages\django\utils\module_loading.py first seen with mtime 1687160377.87991
File C:\Programy\Python\Zadania\django_zaawansowany\venv\Lib\site-packages\django\contrib\auth\admin.py first seen with mtime 1687160376.4619393
File C:\Programy\Python\Zadania\django_zaawansowany\venv\Lib\site-packages\django\core\checks\async_checks.py first seen with mtime 1687160377.6828778
File C:\Programy\Python\Zadania\django_zaawansowany\venv\Lib\site-packages\django\core\handlers\base.py first seen with mtime 1687160377.6923008
File C:\Programy\Python\Zadania\django_zaawansowany\venv\Lib\site-packages\django\http\__init__.py first seen with mtime 1687160377.832087
File C:\Program Files\Python38\Lib\asyncio\streams.py first seen with mtime 1582666236.0
File C:\Programy\Python\Zadania\django_zaawansowany\venv\Lib\site-packages\django\core\checks\security\sessions.py first seen with mtime 1687160377.6898599
File C:\Programy\Python\Zadania\django_zaawansowany\venv\Lib\site-packages\django\db\models\functions\datetime.py first seen with mtime 1687160377.7808552
File C:\Programy\Python\Zadania\django_zaawansowany\venv\Lib\site-packages\django\urls\utils.py first seen with mtime 1687160377.8620577
File C:\Programy\Python\Zadania\django_zaawansowany\venv\Lib\site-packages\django\utils\dates.py first seen with mtime 1687160377.8620577
File C:\Programy\Python\Zadania\django_zaawansowany\venv\Lib\site-packages\sqlparse\filters\aligned_indent.py first seen with mtime 1687160377.9924982
File C:\Programy\Python\Zadania\django_zaawansowany\zaawansowany\urls.py first seen with mtime 1687428505.9008527
File C:\Programy\Python\Zadania\django_zaawansowany\venv\Lib\site-packages\django\forms\renderers.py first seen with mtime 1687160377.7920213
File C:\Programy\Python\Zadania\django_zaawansowany\venv\Lib\site-packages\django\db\models\deletion.py first seen with mtime 1687160377.7620368
File C:\Programy\Python\Zadania\django_zaawansowany\venv\Lib\site-packages\django\core\checks\security\__init__.py first seen with mtime 1687160377.6878643
File C:\Programy\Python\Zadania\django_zaawansowany\venv\Lib\site-packages\django\contrib\auth\checks.py first seen with mtime 1687160376.4619393
File C:\Program Files\Python38\DLLs\_socket.pyd first seen with mtime 1582666256.0
File C:\Program Files\Python38\Lib\asyncio\locks.py first seen with mtime 1582666236.0
File C:\Programy\Python\Zadania\django_zaawansowany\library\signals.py first seen with mtime 1687340792.6597707
File C:\Program Files\Python38\Lib\logging\__init__.py first seen with mtime 1582666236.0
File C:\Programy\Python\Zadania\django_zaawansowany\venv\Lib\site-packages\django\db\migrations\operations\base.py first seen with mtime 1687160377.7620368
File C:\Programy\Python\Zadania\django_zaawansowany\venv\Lib\site-packages\django\contrib\staticfiles\__init__.py first seen with mtime 1687160377.6619568
File C:\Programy\Python\Zadania\django_zaawansowany\venv\Lib\site-packages\django\db\backends\base\operations.py first seen with mtime 1687160377.731927
File C:\Programy\Python\Zadania\django_zaawansowany\venv\Lib\site-packages\django\core\mail\message.py first seen with mtime 1687160377.6923008
File C:\Programy\Python\Zadania\django_zaawansowany\venv\Lib\site-packages\django\contrib\admin\options.py first seen with mtime 1687160376.0256734
File C:\Program Files\Python38\Lib\urllib\request.py first seen with mtime 1582666236.0
File C:\Programy\Python\Zadania\django_zaawansowany\venv\Lib\site-packages\django\db\models\base.py first seen with mtime 1687160377.7620368
File C:\Programy\Python\Zadania\django_zaawansowany\venv\Lib\site-packages\django\templatetags\l10n.py first seen with mtime 1687160377.854528
File C:\Program Files\Python38\Lib\shutil.py first seen with mtime 1582666236.0
File C:\Program Files\Python38\Lib\lzma.py first seen with mtime 1582666236.0
File C:\Program Files\Python38\Lib\email\encoders.py first seen with mtime 1582666236.0
File C:\Programy\Python\Zadania\django_zaawansowany\venv\Lib\site-packages\django\core\files\utils.py first seen with mtime 1687160377.6923008
File C:\Program Files\Python38\Lib\email\_header_value_parser.py first seen with mtime 1582666236.0
File C:\Program Files\Python38\Lib\urllib\__init__.py first seen with mtime 1582666236.0
File C:\Programy\Python\Zadania\django_zaawansowany\venv\Lib\site-packages\sqlparse\engine\__init__.py first seen with mtime 1687160377.9905035
File C:\Programy\Python\Zadania\django_zaawansowany\venv\Lib\site-packages\django\views\decorators\cache.py first seen with mtime 1687160377.8908818
File C:\Programy\Python\Zadania\django_zaawansowany\venv\Lib\site-packages\django\core\files\storage\handler.py first seen with mtime 1687160377.6923008
File C:\Program Files\Python38\Lib\asyncio\base_futures.py first seen with mtime 1582666236.0
File C:\Programy\Python\Zadania\django_zaawansowany\venv\Lib\site-packages\django\utils\text.py first seen with mtime 1687160377.8819046
File C:\Programy\Python\Zadania\django_zaawansowany\venv\Lib\site-packages\django\db\transaction.py first seen with mtime 1687160377.7241812
File C:\Programy\Python\Zadania\django_zaawansowany\venv\Lib\site-packages\sqlparse\filters\tokens.py first seen with mtime 1687160377.9924982
File C:\Programy\Python\Zadania\django_zaawansowany\venv\Lib\site-packages\django\views\generic\edit.py first seen with mtime 1687160377.8968935
File C:\Programy\Python\Zadania\django_zaawansowany\venv\Lib\site-packages\django\utils\termcolors.py first seen with mtime 1687160377.8809073
File C:\Programy\Python\Zadania\django_zaawansowany\venv\Lib\site-packages\django\core\files\storage\memory.py first seen with mtime 1687160377.6923008
File C:\Programy\Python\Zadania\django_zaawansowany\venv\Lib\site-packages\django\db\backends\base\creation.py first seen with mtime 1687160377.7304714
File C:\Programy\Python\Zadania\django_zaawansowany\venv\Lib\site-packages\django\contrib\admin\widgets.py first seen with mtime 1687160376.032191
File C:\Program Files\Python38\Lib\copy.py first seen with mtime 1582666236.0
File C:\Program Files\Python38\Lib\contextvars.py first seen with mtime 1582666236.0
File C:\Programy\Python\Zadania\django_zaawansowany\venv\Lib\site-packages\django\contrib\staticfiles\utils.py first seen with mtime 1687160377.6619568
File C:\Program Files\Python38\Lib\email\_policybase.py first seen with mtime 1582666236.0
File C:\Programy\Python\Zadania\django_zaawansowany\venv\Lib\site-packages\django\contrib\sites\requests.py first seen with mtime 1687160377.553553
File C:\Program Files\Python38\Lib\urllib\parse.py first seen with mtime 1582666236.0
File C:\Program Files\Python38\Lib\asyncio\events.py first seen with mtime 1582666236.0
File C:\Programy\Python\Zadania\django_zaawansowany\venv\Lib\site-packages\django\templatetags\i18n.py first seen with mtime 1687160377.854528
File C:\Program Files\Python38\Lib\copyreg.py first seen with mtime 1582666236.0
File C:\Program Files\Python38\Lib\asyncio\transports.py first seen with mtime 1582666236.0
File C:\Program Files\Python38\Lib\contextlib.py first seen with mtime 1582666236.0
File C:\Programy\Python\Zadania\django_zaawansowany\venv\Lib\site-packages\django\contrib\admin\models.py first seen with mtime 1687160376.0256734
File C:\Program Files\Python38\Lib\email\_parseaddr.py first seen with mtime 1582666236.0
File C:\Programy\Python\Zadania\django_zaawansowany\venv\Lib\site-packages\django\core\serializers\json.py first seen with mtime 1687160377.7217982
File C:\Programy\Python\Zadania\django_zaawansowany\venv\Lib\site-packages\django\db\models\manager.py first seen with mtime 1687160377.7620368
File C:\Programy\Python\Zadania\django_zaawansowany\venv\Lib\site-packages\django\db\models\sql\datastructures.py first seen with mtime 1687160377.7850397
File C:\Programy\Python\Zadania\django_zaawansowany\library\managers.py first seen with mtime 1687337021.6173198
File C:\Program Files\Python38\Lib\email\mime\multipart.py first seen with mtime 1582666236.0
File C:\Programy\Python\Zadania\django_zaawansowany\venv\Lib\site-packages\django\core\serializers\__init__.py first seen with mtime 1687160377.720801
File C:\Program Files\Python38\Lib\concurrent\futures\thread.py first seen with mtime 1582666236.0
File C:\Programy\Python\Zadania\django_zaawansowany\venv\Lib\site-packages\django\utils\hashable.py first seen with mtime 1687160377.8749242
File C:\Programy\Python\Zadania\django_zaawansowany\venv\Lib\site-packages\django\template\engine.py first seen with mtime 1687160377.844555
File C:\Programy\Python\Zadania\django_zaawansowany\venv\Lib\site-packages\pygments\formatter.py first seen with mtime 1687166258.3918953
File C:\Programy\Python\Zadania\django_zaawansowany\venv\Lib\site-packages\django\core\checks\model_checks.py first seen with mtime 1687160377.684873
File C:\Programy\Python\Zadania\django_zaawansowany\venv\Lib\site-packages\sqlparse\filters\reindent.py first seen with mtime 1687160377.9924982
File C:\Program Files\Python38\DLLs\_ssl.pyd first seen with mtime 1582666256.0
File C:\Programy\Python\Zadania\django_zaawansowany\venv\Lib\site-packages\django\contrib\contenttypes\fields.py first seen with mtime 1687160376.601906
File C:\Program Files\Python38\Lib\asyncio\subprocess.py first seen with mtime 1582666236.0
File C:\Programy\Python\Zadania\django_zaawansowany\venv\Lib\site-packages\django_extensions\templatetags\highlighting.py first seen with mtime 1687165953.7450986
File C:\Programy\Python\Zadania\django_zaawansowany\venv\Lib\site-packages\django\forms\formsets.py first seen with mtime 1687160377.791024
File C:\Programy\Python\Zadania\django_zaawansowany\venv\Lib\site-packages\django\core\files\storage\__init__.py first seen with mtime 1687160377.6923008
File C:\Programy\Python\Zadania\django_zaawansowany\venv\Lib\site-packages\django\utils\crypto.py first seen with mtime 1687160377.8620577
File C:\Programy\Python\Zadania\django_zaawansowany\zaawansowany\settings.py first seen with mtime 1687433870.9329388
File C:\Programy\Python\Zadania\django_zaawansowany\venv\Lib\site-packages\django\core\servers\basehttp.py first seen with mtime 1687160377.7241812
File C:\Programy\Python\Zadania\django_zaawansowany\venv\Lib\site-packages\django\core\wsgi.py first seen with mtime 1687160377.6768944
File C:\Program Files\Python38\Lib\sqlite3\dbapi2.py first seen with mtime 1582666236.0
File C:\Program Files\Python38\Lib\pickle.py first seen with mtime 1582666236.0
File C:\Programy\Python\Zadania\django_zaawansowany\venv\Lib\site-packages\django\core\checks\security\base.py first seen with mtime 1687160377.6888618
File C:\Programy\Python\Zadania\django_zaawansowany\venv\Lib\site-packages\django\core\files\locks.py first seen with mtime 1687160377.6907876
File C:\Program Files\Python38\Lib\importlib\machinery.py first seen with mtime 1582666236.0
File C:\Program Files\Python38\Lib\getpass.py first seen with mtime 1582666236.0
File C:\Programy\Python\Zadania\django_zaawansowany\venv\Lib\site-packages\django\forms\fields.py first seen with mtime 1687160377.7900264
File C:\Programy\Python\Zadania\django_zaawansowany\venv\Lib\site-packages\django\conf\__init__.py first seen with mtime 1687160375.824216
File C:\Programy\Python\Zadania\django_zaawansowany\venv\Lib\site-packages\django\db\models\fields\proxy.py first seen with mtime 1687160377.775869
File C:\Program Files\Python38\Lib\reprlib.py first seen with mtime 1582666236.0
File C:\Programy\Python\Zadania\django_zaawansowany\venv\Lib\site-packages\django\utils\tree.py first seen with mtime 1687160377.8838992
File C:\Programy\Python\Zadania\django_zaawansowany\venv\Lib\site-packages\django\contrib\contenttypes\models.py first seen with mtime 1687160376.601906
File C:\Programy\Python\Zadania\django_zaawansowany\library\apps.py first seen with mtime 1687339002.8816712
File C:\Programy\Python\Zadania\django_zaawansowany\venv\Lib\site-packages\django\contrib\messages\apps.py first seen with mtime 1687160377.2021348
File C:\Programy\Python\Zadania\django_zaawansowany\venv\Lib\site-packages\django\contrib\auth\tokens.py first seen with mtime 1687160376.4619393
File C:\Program Files\Python38\Lib\numbers.py first seen with mtime 1582666236.0
File C:\Programy\Python\Zadania\django_zaawansowany\venv\Lib\site-packages\django\views\generic\__init__.py first seen with mtime 1687160377.8948984
File C:\Program Files\Python38\Lib\json\encoder.py first seen with mtime 1582666236.0
File C:\Program Files\Python38\Lib\_collections_abc.py first seen with mtime 1582666236.0
File C:\Program Files\Python38\Lib\asyncio\exceptions.py first seen with mtime 1582666236.0
File C:\Programy\Python\Zadania\django_zaawansowany\venv\Lib\site-packages\django\core\checks\compatibility\__init__.py first seen with mtime 1687160377.6868677
File C:\Programy\Python\Zadania\django_zaawansowany\venv\Lib\site-packages\django\core\checks\compatibility\django_4_0.py first seen with mtime 1687160377.6878643
File C:\Programy\Python\Zadania\django_zaawansowany\venv\Lib\site-packages\django\core\__init__.py first seen with mtime 1687160377.6739028
File C:\Programy\Python\Zadania\django_zaawansowany\venv\Lib\site-packages\django\contrib\messages\storage\__init__.py first seen with mtime 1687160377.2082255
File C:\Programy\Python\Zadania\django_zaawansowany\venv\Lib\site-packages\django\db\backends\base\introspection.py first seen with mtime 1687160377.7315588
File C:\Programy\Python\Zadania\django_zaawansowany\venv\Lib\site-packages\django\forms\widgets.py first seen with mtime 1687160377.7920213
File C:\Program Files\Python38\Lib\secrets.py first seen with mtime 1582666236.0
File C:\Programy\Python\Zadania\django_zaawansowany\venv\Lib\site-packages\django\contrib\admin\templatetags\admin_urls.py first seen with mtime 1687160376.34158
File C:\Program Files\Python38\DLLs\_ctypes.pyd first seen with mtime 1582666254.0
File C:\Program Files\Python38\Lib\asyncio\base_events.py first seen with mtime 1582666236.0
File C:\Programy\Python\Zadania\django_zaawansowany\venv\Lib\site-packages\django\db\models\query.py first seen with mtime 1687160377.7720916
File C:\Programy\Python\Zadania\django_zaawansowany\venv\Lib\site-packages\django\db\backends\sqlite3\operations.py first seen with mtime 1687160377.7538662
File C:\Programy\Python\Zadania\django_zaawansowany\venv\Lib\site-packages\django\forms\models.py first seen with mtime 1687160377.7920213
File C:\Programy\Python\Zadania\django_zaawansowany\venv\Lib\site-packages\sqlparse\engine\statement_splitter.py first seen with mtime 1687160377.9915009
File C:\Program Files\Python38\Lib\http\server.py first seen with mtime 1582666236.0
File C:\Programy\Python\Zadania\django_zaawansowany\venv\Lib\site-packages\sqlparse\engine\filter_stack.py first seen with mtime 1687160377.9908223
File C:\Program Files\Python38\DLLs\_sqlite3.pyd first seen with mtime 1582666254.0
File C:\Programy\Python\Zadania\django_zaawansowany\venv\Lib\site-packages\django\contrib\admin\__init__.py first seen with mtime 1687160376.0251539
File C:\Programy\Python\Zadania\django_zaawansowany\venv\Lib\site-packages\django\views\decorators\__init__.py first seen with mtime 1687160377.8908818
File C:\Programy\Python\Zadania\django_zaawansowany\venv\Lib\site-packages\django\contrib\sessions\base_session.py first seen with mtime 1687160377.42417
File C:\Programy\Python\Zadania\django_zaawansowany\venv\Lib\site-packages\django\core\serializers\python.py first seen with mtime 1687160377.7228198
File C:\Program Files\Python38\Lib\email\mime\__init__.py first seen with mtime 1582666236.0
File C:\Programy\Python\Zadania\django_zaawansowany\venv\Lib\site-packages\django\template\context.py first seen with mtime 1687160377.8425603
File C:\Programy\Python\Zadania\django_zaawansowany\venv\Lib\site-packages\django\contrib\sites\__init__.py first seen with mtime 1687160377.549565
File C:\Program Files\Python38\Lib\tempfile.py first seen with mtime 1582666236.0
File C:\Program Files\Python38\Lib\argparse.py first seen with mtime 1582666236.0
File C:\Programy\Python\Zadania\django_zaawansowany\venv\Lib\site-packages\django\core\serializers\base.py first seen with mtime 1687160377.720801
File C:\Programy\Python\Zadania\django_zaawansowany\venv\Lib\site-packages\django\db\backends\sqlite3\creation.py first seen with mtime 1687160377.7528706
File C:\Programy\Python\Zadania\django_zaawansowany\venv\Lib\site-packages\sqlparse\filters\__init__.py first seen with mtime 1687160377.9924982
File C:\Program Files\Python38\Lib\wsgiref\simple_server.py first seen with mtime 1582666236.0
File C:\Programy\Python\Zadania\django_zaawansowany\venv\Lib\site-packages\django\db\migrations\operations\special.py first seen with mtime 1687160377.7620368
File C:\Programy\Python\Zadania\django_zaawansowany\venv\Lib\site-packages\django\contrib\admin\utils.py first seen with mtime 1687160376.032191
File C:\Program Files\Python38\Lib\stat.py first seen with mtime 1582666236.0
File C:\Program Files\Python38\Lib\decimal.py first seen with mtime 1582666236.0
File C:\Programy\Python\Zadania\django_zaawansowany\venv\Lib\site-packages\django\template\__init__.py first seen with mtime 1687160377.8405657
File C:\Programy\Python\Zadania\django_zaawansowany\venv\Lib\site-packages\django\views\decorators\csrf.py first seen with mtime 1687160377.892907
File C:\Program Files\Python38\Lib\locale.py first seen with mtime 1582666236.0
File C:\Program Files\Python38\Lib\random.py first seen with mtime 1582666236.0
File C:\Programy\Python\Zadania\django_zaawansowany\venv\Lib\site-packages\django_extensions\templatetags\widont.py first seen with mtime 1687165953.7450986
File C:\Programy\Python\Zadania\django_zaawansowany\venv\Lib\site-packages\django\db\models\indexes.py first seen with mtime 1687160377.7620368
File C:\Programy\Python\Zadania\django_zaawansowany\venv\Lib\site-packages\django\views\decorators\common.py first seen with mtime 1687160377.8919072
File C:\Programy\Python\Zadania\django_zaawansowany\venv\Lib\site-packages\django\contrib\messages\constants.py first seen with mtime 1687160377.2021348
File C:\Programy\Python\Zadania\django_zaawansowany\venv\Lib\site-packages\django\utils\asyncio.py first seen with mtime 1687160377.8620577
File C:\Programy\Python\Zadania\django_zaawansowany\venv\Lib\site-packages\django\urls\exceptions.py first seen with mtime 1687160377.8620577
File C:\Program Files\Python38\Lib\statistics.py first seen with mtime 1582666236.0
File C:\Program Files\Python38\Lib\email\quoprimime.py first seen with mtime 1582666236.0
File C:\Program Files\Python38\Lib\email\base64mime.py first seen with mtime 1582666236.0
File C:\Programy\Python\Zadania\django_zaawansowany\venv\Lib\site-packages\django\db\__init__.py first seen with mtime 1687160377.7241812
File C:\Programy\Python\Zadania\django_zaawansowany\venv\Lib\site-packages\django\apps\config.py first seen with mtime 1687160375.824216
File C:\Programy\Python\Zadania\django_zaawansowany\venv\Lib\site-packages\django\__init__.py first seen with mtime 1687160375.824216
File C:\Programy\Python\Zadania\django_zaawansowany\venv\Lib\site-packages\django\core\servers\__init__.py first seen with mtime 1687160377.7241812
File C:\Programy\Python\Zadania\django_zaawansowany\venv\Lib\site-packages\django\db\models\fields\related.py first seen with mtime 1687160377.776866
File C:\Programy\Python\Zadania\django_zaawansowany\venv\Lib\site-packages\sqlparse\sql.py first seen with mtime 1687160377.988509
File C:\Programy\Python\Zadania\django_zaawansowany\venv\Lib\site-packages\django\contrib\admin\checks.py first seen with mtime 1687160376.0256734
File C:\Programy\Python\Zadania\django_zaawansowany\venv\Lib\site-packages\django\template\utils.py first seen with mtime 1687160377.8475468
File C:\Programy\Python\Zadania\django_zaawansowany\venv\Lib\site-packages\django\views\static.py first seen with mtime 1687160377.8898833
File C:\Programy\Python\Zadania\django_zaawansowany\venv\Lib\site-packages\pygments\formatters\_mapping.py first seen with mtime 1687166258.4029346
File C:\Programy\Python\Zadania\django_zaawansowany\venv\Lib\site-packages\django\apps\__init__.py first seen with mtime 1687160375.824216
File C:\Programy\Python\Zadania\django_zaawansowany\venv\Lib\site-packages\django\utils\duration.py first seen with mtime 1687160377.8720665
File C:\Programy\Python\Zadania\django_zaawansowany\venv\Lib\site-packages\django\contrib\contenttypes\__init__.py first seen with mtime 1687160376.5923316
File C:\Programy\Python\Zadania\django_zaawansowany\venv\Lib\site-packages\django\db\migrations\state.py first seen with mtime 1687160377.7575052
File C:\Program Files\Python38\Lib\multiprocessing\process.py first seen with mtime 1582666236.0
File C:\Programy\Python\Zadania\django_zaawansowany\venv\Lib\site-packages\asgiref\current_thread_executor.py first seen with mtime 1687160378.1613133
File C:\Programy\Python\Zadania\django_zaawansowany\venv\Lib\site-packages\django\core\files\storage\filesystem.py first seen with mtime 1687160377.6923008
File C:\Programy\Python\Zadania\django_zaawansowany\venv\Lib\site-packages\django\db\utils.py first seen with mtime 1687160377.7241812
File C:\Programy\Python\Zadania\django_zaawansowany\venv\Lib\site-packages\pygments\plugin.py first seen with mtime 1687166258.3918953
File C:\Program Files\Python38\Lib\pprint.py first seen with mtime 1582666236.0
File C:\Programy\Python\Zadania\django_zaawansowany\venv\Lib\site-packages\django\utils\log.py first seen with mtime 1687160377.8789127
File C:\Programy\Python\Zadania\django_zaawansowany\venv\Lib\site-packages\django\db\migrations\exceptions.py first seen with mtime 1687160377.756886
File C:\Program Files\Python38\Lib\asyncio\constants.py first seen with mtime 1582666236.0
File C:\Programy\Python\Zadania\django_zaawansowany\venv\Lib\site-packages\sqlparse\exceptions.py first seen with mtime 1687160377.9865143
File C:\Programy\Python\Zadania\django_zaawansowany\venv\Lib\site-packages\django\contrib\contenttypes\management\__init__.py first seen with mtime 1687160376.7131898
File C:\Programy\Python\Zadania\django_zaawansowany\venv\Lib\site-packages\django\utils\cache.py first seen with mtime 1687160377.8620577
File C:\Programy\Python\Zadania\django_zaawansowany\venv\Lib\site-packages\django\forms\__init__.py first seen with mtime 1687160377.7890291
File C:\Program Files\Python38\Lib\html\parser.py first seen with mtime 1582666236.0
File C:\Programy\Python\Zadania\django_zaawansowany\manage.py first seen with mtime 1687162508.7687817
File C:\Programy\Python\Zadania\django_zaawansowany\venv\Lib\site-packages\django\contrib\admin\templatetags\base.py first seen with mtime 1687160376.34158
File C:\Program Files\Python38\Lib\email\mime\base.py first seen with mtime 1582666236.0
File C:\Program Files\Python38\Lib\logging\handlers.py first seen with mtime 1582666236.0
File C:\Program Files\Python38\Lib\fractions.py first seen with mtime 1582666236.0
File C:\Programy\Python\Zadania\django_zaawansowany\venv\Lib\site-packages\django\core\checks\messages.py first seen with mtime 1687160377.684873
File C:\Programy\Python\Zadania\django_zaawansowany\venv\Lib\site-packages\django\contrib\staticfiles\handlers.py first seen with mtime 1687160377.6619568
File C:\Programy\Python\Zadania\django_zaawansowany\venv\Lib\site-packages\django\db\backends\sqlite3\introspection.py first seen with mtime 1687160377.7538662
File C:\Program Files\Python38\Lib\sqlite3\__init__.py first seen with mtime 1582666236.0
File C:\Program Files\Python38\Lib\ctypes\_endian.py first seen with mtime 1582666236.0
File C:\Programy\Python\Zadania\django_zaawansowany\venv\Lib\site-packages\django\utils\dateformat.py first seen with mtime 1687160377.8620577
File C:\Program Files\Python38\Lib\codecs.py first seen with mtime 1582666236.0
File C:\Program Files\Python38\Lib\email\parser.py first seen with mtime 1582666236.0
File C:\Programy\Python\Zadania\django_zaawansowany\venv\Lib\site-packages\django\core\files\move.py first seen with mtime 1687160377.6923008
File C:\Program Files\Python38\Lib\_weakrefset.py first seen with mtime 1582666236.0
File C:\Programy\Python\Zadania\django_zaawansowany\venv\Lib\site-packages\django\forms\utils.py first seen with mtime 1687160377.7920213
File C:\Programy\Python\Zadania\django_zaawansowany\venv\Lib\site-packages\django\contrib\staticfiles\apps.py first seen with mtime 1687160377.6619568
File C:\Programy\Python\Zadania\django_zaawansowany\venv\Lib\site-packages\django\contrib\contenttypes\checks.py first seen with mtime 1687160376.601906
File C:\Programy\Python\Zadania\django_zaawansowany\venv\Lib\site-packages\django\utils\lorem_ipsum.py first seen with mtime 1687160377.8789127
File C:\Program Files\Python38\Lib\json\scanner.py first seen with mtime 1582666236.0
File C:\Programy\Python\Zadania\django_zaawansowany\venv\Lib\site-packages\django\template\base.py first seen with mtime 1687160377.8425603
File C:\Programy\Python\Zadania\django_zaawansowany\venv\Lib\site-packages\django\db\models\enums.py first seen with mtime 1687160377.7620368
File C:\Program Files\Python38\Lib\asyncio\coroutines.py first seen with mtime 1582666236.0
File C:\Program Files\Python38\Lib\abc.py first seen with mtime 1582666236.0
File C:\Program Files\Python38\Lib\wsgiref\headers.py first seen with mtime 1582666236.0
File C:\Programy\Python\Zadania\django_zaawansowany\venv\Lib\site-packages\backports\__init__.py first seen with mtime 1687160378.0621836
File C:\Programy\Python\Zadania\django_zaawansowany\venv\Lib\site-packages\django\db\backends\ddl_references.py first seen with mtime 1687160377.7241812
File C:\Program Files\Python38\Lib\asyncio\sslproto.py first seen with mtime 1582666236.0
File C:\Programy\Python\Zadania\django_zaawansowany\venv\Lib\site-packages\django\db\models\functions\__init__.py first seen with mtime 1687160377.779858
File C:\Programy\Python\Zadania\django_zaawansowany\venv\Lib\site-packages\django\template\defaulttags.py first seen with mtime 1687160377.844555
File C:\Programy\Python\Zadania\django_zaawansowany\venv\Lib\site-packages\django\template\backends\django.py first seen with mtime 1687160377.8495655
File C:\Programy\Python\Zadania\django_zaawansowany\venv\Lib\site-packages\django\utils\functional.py first seen with mtime 1687160377.8749242
File C:\Programy\Python\Zadania\django_zaawansowany\venv\Lib\site-packages\pygments\util.py first seen with mtime 1687166258.3918953
File C:\Programy\Python\Zadania\django_zaawansowany\venv\Lib\site-packages\django\db\models\fields\related_descriptors.py first seen with mtime 1687160377.7778633
File C:\Program Files\Python38\Lib\asyncio\windows_utils.py first seen with mtime 1582666236.0
File C:\Program Files\Python38\Lib\email\errors.py first seen with mtime 1582666236.0
File C:\Programy\Python\Zadania\django_zaawansowany\venv\Lib\site-packages\django\core\handlers\asgi.py first seen with mtime 1687160377.6923008
File C:\Programy\Python\Zadania\django_zaawansowany\venv\Lib\site-packages\django\db\backends\sqlite3\features.py first seen with mtime 1687160377.7528706
File C:\Programy\Python\Zadania\django_zaawansowany\venv\Lib\site-packages\django\http\multipartparser.py first seen with mtime 1687160377.832087
File C:\Programy\Python\Zadania\django_zaawansowany\venv\Lib\site-packages\django\core\cache\__init__.py first seen with mtime 1687160377.6778917
File C:\Programy\Python\Zadania\django_zaawansowany\venv\Lib\site-packages\django\core\checks\files.py first seen with mtime 1687160377.683876
File C:\Programy\Python\Zadania\django_zaawansowany\venv\Lib\site-packages\django\utils\version.py first seen with mtime 1687160377.8838992
File C:\Program Files\Python38\Lib\tokenize.py first seen with mtime 1582666236.0
File C:\Programy\Python\Zadania\django_zaawansowany\venv\Lib\site-packages\django\core\management\color.py first seen with mtime 1687160377.7019415
File C:\Programy\Python\Zadania\django_zaawansowany\venv\Lib\site-packages\django\views\i18n.py first seen with mtime 1687160377.8898833
File C:\Programy\Python\Zadania\django_zaawansowany\venv\Lib\site-packages\django\db\models\fields\reverse_related.py first seen with mtime 1687160377.7788606
File C:\Programy\Python\Zadania\django_zaawansowany\venv\Lib\site-packages\django\db\models\functions\math.py first seen with mtime 1687160377.7808552
File C:\Program Files\Python38\Lib\encodings\utf_8.py first seen with mtime 1582666236.0
File C:\Programy\Python\Zadania\django_zaawansowany\venv\Lib\site-packages\django\utils\translation\__init__.py first seen with mtime 1687160377.8848965
File C:\Programy\Python\Zadania\django_zaawansowany\venv\Lib\site-packages\django\contrib\admin\templatetags\log.py first seen with mtime 1687160376.3425474
File C:\Programy\Python\Zadania\django_zaawansowany\venv\Lib\site-packages\django\dispatch\dispatcher.py first seen with mtime 1687160377.7880316
File C:\Programy\Python\Zadania\django_zaawansowany\venv\Lib\site-packages\django\template\loaders\app_directories.py first seen with mtime 1687160377.851536
File C:\Programy\Python\Zadania\django_zaawansowany\venv\Lib\site-packages\django\utils\safestring.py first seen with mtime 1687160377.8809073
File C:\Program Files\Python38\Lib\urllib\error.py first seen with mtime 1582666236.0
File C:\Program Files\Python38\Lib\http\cookies.py first seen with mtime 1582666236.0
File C:\Programy\Python\Zadania\django_zaawansowany\venv\Lib\site-packages\django\core\files\temp.py first seen with mtime 1687160377.6923008
File C:\Programy\Python\Zadania\django_zaawansowany\venv\Lib\site-packages\django\core\cache\utils.py first seen with mtime 1687160377.6778917
File C:\Programy\Python\Zadania\django_zaawansowany\venv\Lib\site-packages\django\contrib\auth\password_validation.py first seen with mtime 1687160376.4619393
File C:\Programy\Python\Zadania\django_zaawansowany\venv\Lib\site-packages\django\core\cache\backends\filebased.py first seen with mtime 1687160377.680884
File C:\Programy\Python\Zadania\django_zaawansowany\venv\Lib\site-packages\django\core\checks\security\csrf.py first seen with mtime 1687160377.6888618
File C:\Program Files\Python38\Lib\enum.py first seen with mtime 1582666236.0
File C:\Program Files\Python38\Lib\html\__init__.py first seen with mtime 1582666236.0
File C:\Programy\Python\Zadania\django_zaawansowany\venv\Lib\site-packages\django\contrib\sessions\models.py first seen with mtime 1687160377.42417
File C:\Programy\Python\Zadania\django_zaawansowany\venv\Lib\site-packages\django\contrib\sessions\backends\__init__.py first seen with mtime 1687160377.42417
File C:\Program Files\Python38\Lib\sre_parse.py first seen with mtime 1582666236.0
File C:\Programy\Python\Zadania\django_zaawansowany\venv\Lib\site-packages\django\utils\timezone.py first seen with mtime 1687160377.882902
File C:\Programy\Python\Zadania\django_zaawansowany\venv\Lib\site-packages\django\http\cookie.py first seen with mtime 1687160377.832087
File C:\Programy\Python\Zadania\django_zaawansowany\venv\Lib\site-packages\django_extensions\admin\widgets.py first seen with mtime 1687165953.6670215
File C:\Program Files\Python38\Lib\opcode.py first seen with mtime 1582666236.0
File C:\Programy\Python\Zadania\django_zaawansowany\venv\Lib\site-packages\pygments\token.py first seen with mtime 1687166258.3918953
File C:\Programy\Python\Zadania\django_zaawansowany\venv\Lib\site-packages\django\utils\_os.py first seen with mtime 1687160377.8620577
File C:\Program Files\Python38\Lib\ntpath.py first seen with mtime 1582666236.0
File C:\Programy\Python\Zadania\django_zaawansowany\venv\Lib\site-packages\django\utils\__init__.py first seen with mtime 1687160377.8620577
File C:\Programy\Python\Zadania\django_zaawansowany\venv\Lib\site-packages\django\template\loaders\__init__.py first seen with mtime 1687160377.8505387
File C:\Program Files\Python38\Lib\email\mime\nonmultipart.py first seen with mtime 1582666236.0
File C:\Programy\Python\Zadania\django_zaawansowany\venv\Lib\site-packages\django\contrib\admin\templatetags\admin_modify.py first seen with mtime 1687160376.3405535
File C:\Programy\Python\Zadania\django_zaawansowany\venv\Lib\site-packages\django\db\models\signals.py first seen with mtime 1687160377.7731845
File C:\Programy\Python\Zadania\django_zaawansowany\venv\Lib\site-packages\django\contrib\auth\decorators.py first seen with mtime 1687160376.4619393
File C:\Program Files\Python38\Lib\asyncio\protocols.py first seen with mtime 1582666236.0
File C:\Programy\Python\Zadania\django_zaawansowany\zaawansowany\__init__.py first seen with mtime 1687160507.9999018
File C:\Programy\Python\Zadania\django_zaawansowany\venv\Lib\site-packages\django\middleware\__init__.py first seen with mtime 1687160377.832087
File C:\Program Files\Python38\Lib\subprocess.py first seen with mtime 1582666236.0
File C:\Program Files\Python38\Lib\ast.py first seen with mtime 1582666236.0
File C:\Program Files\Python38\Lib\warnings.py first seen with mtime 1582666236.0
File C:\Programy\Python\Zadania\django_zaawansowany\venv\Lib\site-packages\django_extensions\templatetags\syntax_color.py first seen with mtime 1687165953.7450986
File C:\Programy\Python\Zadania\django_zaawansowany\venv\Lib\site-packages\django\utils\autoreload.py first seen with mtime 1687160377.8620577
File C:\Program Files\Python38\Lib\encodings\aliases.py first seen with mtime 1582666236.0
File C:\Program Files\Python38\Lib\multiprocessing\context.py first seen with mtime 1582666236.0
File C:\Programy\Python\Zadania\django_zaawansowany\venv\Lib\site-packages\django\db\backends\__init__.py first seen with mtime 1687160377.7241812
File C:\Programy\Python\Zadania\django_zaawansowany\venv\Lib\site-packages\sqlparse\cli.py first seen with mtime 1687160377.9865143
File C:\Programy\Python\Zadania\django_zaawansowany\venv\Lib\site-packages\django\db\backends\base\__init__.py first seen with mtime 1687160377.7241812
File C:\Programy\Python\Zadania\django_zaawansowany\venv\Lib\site-packages\colorama\win32.py first seen with mtime 1687166257.7917864
File C:\Programy\Python\Zadania\django_zaawansowany\venv\Lib\site-packages\django\core\files\uploadhandler.py first seen with mtime 1687160377.6923008
File C:\Program Files\Python38\Lib\email\contentmanager.py first seen with mtime 1582666236.0
File C:\Programy\Python\Zadania\django_zaawansowany\venv\Lib\site-packages\django\db\models\constraints.py first seen with mtime 1687160377.7620368
File C:\Programy\Python\Zadania\django_zaawansowany\venv\Lib\site-packages\django\db\models\aggregates.py first seen with mtime 1687160377.7620368
File C:\Program Files\Python38\Lib\weakref.py first seen with mtime 1582666236.0
File C:\Programy\Python\Zadania\django_zaawansowany\venv\Lib\site-packages\django\contrib\auth\signals.py first seen with mtime 1687160376.4619393
File C:\Program Files\Python38\Lib\http\__init__.py first seen with mtime 1582666236.0
File C:\Programy\Python\Zadania\django_zaawansowany\venv\Lib\site-packages\django\contrib\admin\apps.py first seen with mtime 1687160376.0256734
File C:\Programy\Python\Zadania\django_zaawansowany\venv\Lib\site-packages\django\db\backends\base\schema.py first seen with mtime 1687160377.73292
File C:\Program Files\Python38\Lib\email\_encoded_words.py first seen with mtime 1582666236.0
File C:\Program Files\Python38\Lib\bisect.py first seen with mtime 1582666236.0
File C:\Programy\Python\Zadania\django_zaawansowany\venv\Lib\site-packages\django\utils\deconstruct.py first seen with mtime 1687160377.8620577
File C:\Programy\Python\Zadania\django_zaawansowany\venv\Lib\site-packages\django\middleware\csrf.py first seen with mtime 1687160377.8371909
File C:\Program Files\Python38\Lib\multiprocessing\__init__.py first seen with mtime 1582666236.0
File C:\Program Files\Python38\Lib\asyncio\log.py first seen with mtime 1582666236.0
File C:\Programy\Python\Zadania\django_zaawansowany\venv\Lib\site-packages\django\core\cache\backends\__init__.py first seen with mtime 1687160377.6788893
File C:\Programy\Python\Zadania\django_zaawansowany\venv\Lib\site-packages\django\contrib\admin\actions.py first seen with mtime 1687160376.0256734
File C:\Programy\Python\Zadania\django_zaawansowany\venv\Lib\site-packages\django\db\backends\utils.py first seen with mtime 1687160377.7241812
File C:\Programy\Python\Zadania\django_zaawansowany\venv\Lib\site-packages\sqlparse\filters\others.py first seen with mtime 1687160377.9924982
File C:\Program Files\Python38\DLLs\_asyncio.pyd first seen with mtime 1582666254.0
File C:\Program Files\Python38\Lib\gzip.py first seen with mtime 1582666236.0
File C:\Program Files\Python38\Lib\wsgiref\__init__.py first seen with mtime 1582666236.0
File C:\Programy\Python\Zadania\django_zaawansowany\venv\Lib\site-packages\django\core\management\__init__.py first seen with mtime 1687160377.7019415
File C:\Program Files\Python38\Lib\email\charset.py first seen with mtime 1582666236.0
File C:\Program Files\Python38\Lib\difflib.py first seen with mtime 1582666236.0
File C:\Program Files\Python38\Lib\re.py first seen with mtime 1582666236.0
File C:\Program Files\Python38\Lib\platform.py first seen with mtime 1582666236.0
File C:\Program Files\Python38\Lib\collections\__init__.py first seen with mtime 1582666236.0
File C:\Programy\Python\Zadania\django_zaawansowany\venv\Lib\site-packages\django\db\backends\base\client.py first seen with mtime 1687160377.729474
File C:\Programy\Python\Zadania\django_zaawansowany\venv\Lib\site-packages\django\contrib\auth\management\__init__.py first seen with mtime 1687160376.5907824
File C:\Program Files\Python38\Lib\os.py first seen with mtime 1582666236.0
File C:\Program Files\Python38\Lib\ssl.py first seen with mtime 1582666236.0
File C:\Programy\Python\Zadania\django_zaawansowany\venv\Lib\site-packages\django\contrib\sessions\backends\base.py first seen with mtime 1687160377.42417
File C:\Programy\Python\Zadania\django_zaawansowany\venv\Lib\site-packages\django\core\files\images.py first seen with mtime 1687160377.6907876
File C:\Programy\Python\Zadania\django_zaawansowany\venv\Lib\site-packages\django\db\models\functions\comparison.py first seen with mtime 1687160377.779858
File C:\Programy\Python\Zadania\django_zaawansowany\venv\Lib\site-packages\django\contrib\sessions\__init__.py first seen with mtime 1687160377.42417
File C:\Program Files\Python38\Lib\http\client.py first seen with mtime 1582666236.0
File C:\Programy\Python\Zadania\django_zaawansowany\venv\Lib\site-packages\backports\zoneinfo\_common.py first seen with mtime 1687160378.0719922
File C:\Program Files\Python38\Lib\html\entities.py first seen with mtime 1582666236.0
File C:\Programy\Python\Zadania\django_zaawansowany\venv\Lib\site-packages\django\contrib\admin\templatetags\__init__.py first seen with mtime 1687160376.3366122
File C:\Programy\Python\Zadania\django_zaawansowany\venv\Lib\site-packages\django\dispatch\__init__.py first seen with mtime 1687160377.7870343
File C:\Program Files\Python38\Lib\concurrent\futures\_base.py first seen with mtime 1582666236.0
File C:\Programy\Python\Zadania\django_zaawansowany\venv\Lib\site-packages\django\template\loaders\base.py first seen with mtime 1687160377.851536
File C:\Programy\Python\Zadania\django_zaawansowany\venv\Lib\site-packages\django\db\models\sql\constants.py first seen with mtime 1687160377.7840428
File C:\Programy\Python\Zadania\django_zaawansowany\venv\Lib\site-packages\pygments\lexers\_mapping.py first seen with mtime 1687166258.4159002
File C:\Programy\Python\Zadania\django_zaawansowany\venv\Lib\site-packages\django\contrib\auth\forms.py first seen with mtime 1687160376.4619393
File C:\Programy\Python\Zadania\django_zaawansowany\venv\Lib\site-packages\django\core\checks\database.py first seen with mtime 1687160377.683876
File C:\Programy\Python\Zadania\django_zaawansowany\venv\Lib\site-packages\django\middleware\security.py first seen with mtime 1687160377.8405657
File C:\Program Files\Python38\Lib\genericpath.py first seen with mtime 1582666236.0
File C:\Program Files\Python38\Lib\_bootlocale.py first seen with mtime 1582666236.0
File C:\Programy\Python\Zadania\django_zaawansowany\venv\Lib\site-packages\django_extensions\templatetags\__init__.py first seen with mtime 1687165953.7450986
File C:\Programy\Python\Zadania\django_zaawansowany\venv\Lib\site-packages\django\contrib\admin\templatetags\admin_list.py first seen with mtime 1687160376.3405535
File C:\Programy\Python\Zadania\django_zaawansowany\venv\Lib\site-packages\django\contrib\admin\views\__init__.py first seen with mtime 1687160376.3425474
File C:\Programy\Python\Zadania\django_zaawansowany\venv\Lib\site-packages\django\contrib\contenttypes\apps.py first seen with mtime 1687160376.601906
File C:\Programy\Python\Zadania\django_zaawansowany\venv\Lib\site-packages\django_extensions\admin\__init__.py first seen with mtime 1687165953.6670215
File C:\Programy\Python\Zadania\django_zaawansowany\venv\Lib\site-packages\django\views\debug.py first seen with mtime 1687160377.888886
File C:\Programy\Python\Zadania\django_zaawansowany\venv\Lib\site-packages\django\db\backends\base\features.py first seen with mtime 1687160377.7304714
File C:\Programy\Python\Zadania\django_zaawansowany\venv\Lib\site-packages\django_extensions\models.py first seen with mtime 1687165953.6670215
File C:\Program Files\Python38\Lib\quopri.py first seen with mtime 1582666236.0
File C:\Programy\Python\Zadania\django_zaawansowany\venv\Lib\site-packages\django\db\backends\base\base.py first seen with mtime 1687160377.729474
File C:\Programy\Python\Zadania\django_zaawansowany\venv\Lib\site-packages\pygments\__init__.py first seen with mtime 1687166258.3918953
File C:\Programy\Python\Zadania\django_zaawansowany\venv\Lib\site-packages\django\db\models\fields\json.py first seen with mtime 1687160377.775869
File C:\Programy\Python\Zadania\django_zaawansowany\venv\Lib\site-packages\pygments\lexers\__init__.py first seen with mtime 1687166258.4089184
File C:\Programy\Python\Zadania\django_zaawansowany\library\views.py first seen with mtime 1687430371.0713854
File C:\Programy\Python\Zadania\django_zaawansowany\venv\Lib\site-packages\django\utils\regex_helper.py first seen with mtime 1687160377.8809073
File C:\Programy\Python\Zadania\django_zaawansowany\venv\Lib\site-packages\django\contrib\admin\views\main.py first seen with mtime 1687160376.3435447
File C:\Program Files\Python38\Lib\traceback.py first seen with mtime 1582666236.0
File C:\Programy\Python\Zadania\django_zaawansowany\venv\Lib\site-packages\sqlparse\lexer.py first seen with mtime 1687160377.988509
File C:\Programy\Python\Zadania\django_zaawansowany\venv\Lib\site-packages\django\contrib\auth\middleware.py first seen with mtime 1687160376.4619393
File C:\Programy\Python\Zadania\django_zaawansowany\venv\Lib\site-packages\django\contrib\staticfiles\finders.py first seen with mtime 1687160377.6619568
File C:\Programy\Python\Zadania\django_zaawansowany\venv\Lib\site-packages\django\utils\decorators.py first seen with mtime 1687160377.8620577
File C:\Program Files\Python38\Lib\collections\abc.py first seen with mtime 1582666236.0
File C:\Programy\Python\Zadania\django_zaawansowany\venv\Lib\site-packages\django\db\models\fields\__init__.py first seen with mtime 1687160377.7738745
File C:\Programy\Python\Zadania\django_zaawansowany\venv\Lib\site-packages\asgiref\__init__.py first seen with mtime 1687160378.1603434
File C:\Programy\Python\Zadania\django_zaawansowany\venv\Lib\site-packages\backports\zoneinfo\_tzpath.py first seen with mtime 1687160378.0719922
File C:\Programy\Python\Zadania\django_zaawansowany\venv\Lib\site-packages\django\template\autoreload.py first seen with mtime 1687160377.8415635
File C:\Program Files\Python38\Lib\gettext.py first seen with mtime 1582666236.0
File C:\Programy\Python\Zadania\django_zaawansowany\venv\Lib\site-packages\django\contrib\staticfiles\management\commands\__init__.py first seen with mtime 1687160377.6619568
File C:\Programy\Python\Zadania\django_zaawansowany\venv\Lib\site-packages\django\core\files\storage\mixins.py first seen with mtime 1687160377.6923008
File C:\Programy\Python\Zadania\django_zaawansowany\venv\Lib\site-packages\django\contrib\messages\__init__.py first seen with mtime 1687160377.2021348
File C:\Program Files\Python38\Lib\email\feedparser.py first seen with mtime 1582666236.0
File C:\Programy\Python\Zadania\django_zaawansowany\venv\Lib\site-packages\typing_extensions.py first seen with mtime 1687160378.5926938
File C:\Programy\Python\Zadania\django_zaawansowany\venv\Lib\site-packages\django\contrib\auth\apps.py first seen with mtime 1687160376.4619393
File C:\Programy\Python\Zadania\django_zaawansowany\venv\Lib\site-packages\django\core\cache\backends\base.py first seen with mtime 1687160377.6788893
File C:\Programy\Python\Zadania\django_zaawansowany\venv\Lib\site-packages\backports\zoneinfo\_czoneinfo.cp38-win_amd64.pyd first seen with mtime 1687160378.0719922
File C:\Programy\Python\Zadania\django_zaawansowany\venv\Lib\site-packages\django\contrib\sites\shortcuts.py first seen with mtime 1687160377.553553
File C:\Programy\Python\Zadania\django_zaawansowany\venv\Lib\site-packages\asgiref\sync.py first seen with mtime 1687160378.1633072
File C:\Programy\Python\Zadania\django_zaawansowany\venv\Lib\site-packages\django\utils\topological_sort.py first seen with mtime 1687160377.882902
File C:\Programy\Python\Zadania\django_zaawansowany\venv\Lib\site-packages\django\utils\formats.py first seen with mtime 1687160377.8739269
File C:\Programy\Python\Zadania\django_zaawansowany\venv\Lib\site-packages\django\core\management\base.py first seen with mtime 1687160377.7019415
File C:\Program Files\Python38\Lib\encodings\latin_1.py first seen with mtime 1582666236.0
File C:\Program Files\Python38\Lib\inspect.py first seen with mtime 1582666236.0
File C:\Programy\Python\Zadania\django_zaawansowany\venv\Lib\site-packages\django\db\models\query_utils.py first seen with mtime 1687160377.7720916
File C:\Program Files\Python38\Lib\email\headerregistry.py first seen with mtime 1582666236.0
File C:\Programy\Python\Zadania\django_zaawansowany\venv\Lib\site-packages\django\db\backends\sqlite3\__init__.py first seen with mtime 1687160377.750874
File C:\Programy\Python\Zadania\django_zaawansowany\venv\Lib\site-packages\django\templatetags\cache.py first seen with mtime 1687160377.8535306
File C:\Programy\Python\Zadania\django_zaawansowany\venv\Lib\site-packages\django\core\signing.py first seen with mtime 1687160377.6758971
File C:\Programy\Python\Zadania\django_zaawansowany\venv\Lib\site-packages\django\db\models\fields\related_lookups.py first seen with mtime 1687160377.7788606
File C:\Programy\Python\Zadania\django_zaawansowany\venv\Lib\site-packages\django\db\models\expressions.py first seen with mtime 1687160377.7620368
File C:\Programy\Python\Zadania\django_zaawansowany\venv\Lib\site-packages\asgiref\local.py first seen with mtime 1687160378.1623104
File C:\Programy\Python\Zadania\django_zaawansowany\venv\Lib\site-packages\django\contrib\messages\utils.py first seen with mtime 1687160377.2072282
File C:\Programy\Python\Zadania\django_zaawansowany\venv\Lib\site-packages\django\db\models\fields\files.py first seen with mtime 1687160377.774871
File C:\Programy\Python\Zadania\django_zaawansowany\venv\Lib\site-packages\pygments\formatters\__init__.py first seen with mtime 1687166258.4016142
File C:\Program Files\Python38\Lib\asyncio\tasks.py first seen with mtime 1582666236.0
File C:\Programy\Python\Zadania\django_zaawansowany\venv\Lib\site-packages\django\db\backends\sqlite3\schema.py first seen with mtime 1687160377.7548633
File C:\Programy\Python\Zadania\django_zaawansowany\venv\Lib\site-packages\django\contrib\messages\api.py first seen with mtime 1687160377.2021348
File C:\Program Files\Python38\DLLs\unicodedata.pyd first seen with mtime 1582666256.0
File C:\Program Files\Python38\Lib\email\header.py first seen with mtime 1582666236.0
File C:\Programy\Python\Zadania\django_zaawansowany\venv\Lib\site-packages\django\contrib\auth\base_user.py first seen with mtime 1687160376.4619393
File C:\Program Files\Python38\DLLs\_bz2.pyd first seen with mtime 1582666254.0
File C:\Programy\Python\Zadania\django_zaawansowany\library\admin.py first seen with mtime 1687163627.9495442
File C:\Programy\Python\Zadania\django_zaawansowany\venv\Lib\site-packages\colorama\ansitowin32.py first seen with mtime 1687166257.7917864
File C:\Programy\Python\Zadania\django_zaawansowany\venv\Lib\site-packages\django\utils\translation\trans_real.py first seen with mtime 1687160377.8868914
File C:\Programy\Python\Zadania\django_zaawansowany\venv\Lib\site-packages\django\core\paginator.py first seen with mtime 1687160377.6749005
File C:\Programy\Python\Zadania\django_zaawansowany\venv\Lib\site-packages\sqlparse\formatter.py first seen with mtime 1687160377.9875114
File C:\Program Files\Python38\Lib\asyncio\__init__.py first seen with mtime 1582666236.0
File C:\Program Files\Python38\Lib\linecache.py first seen with mtime 1582666236.0
File C:\Programy\Python\Zadania\django_zaawansowany\venv\Lib\site-packages\django\middleware\cache.py first seen with mtime 1687160377.8371909
File C:\Programy\Python\Zadania\django_zaawansowany\venv\Lib\site-packages\django\contrib\auth\validators.py first seen with mtime 1687160376.4619393
File C:\Programy\Python\Zadania\django_zaawansowany\venv\Lib\site-packages\django\db\models\constants.py first seen with mtime 1687160377.7620368
File C:\Program Files\Python38\DLLs\select.pyd first seen with mtime 1582666254.0
File C:\Program Files\Python38\Lib\types.py first seen with mtime 1582666236.0
File C:\Programy\Python\Zadania\django_zaawansowany\venv\Lib\site-packages\django\db\backends\sqlite3\client.py first seen with mtime 1687160377.7518713
File C:\Programy\Python\Zadania\django_zaawansowany\venv\Lib\site-packages\django_extensions\templatetags\indent_text.py first seen with mtime 1687165953.7450986
File C:\Program Files\Python38\Lib\posixpath.py first seen with mtime 1582666236.0
File C:\Programy\Python\Zadania\django_zaawansowany\venv\Lib\site-packages\django\template\library.py first seen with mtime 1687160377.8455524
File C:\Programy\Python\Zadania\django_zaawansowany\venv\Lib\site-packages\sqlparse\filters\output.py first seen with mtime 1687160377.9924982
File C:\Program Files\Python38\Lib\bz2.py first seen with mtime 1582666236.0
File C:\Programy\Python\Zadania\django_zaawansowany\venv\Lib\site-packages\django\db\models\sql\subqueries.py first seen with mtime 1687160377.786037
File C:\Program Files\Python38\Lib\selectors.py first seen with mtime 1582666236.0
File C:\Programy\Python\Zadania\django_zaawansowany\venv\Lib\site-packages\django\core\signals.py first seen with mtime 1687160377.6758971
File C:\Programy\Python\Zadania\django_zaawansowany\venv\Lib\site-packages\django\db\models\sql\where.py first seen with mtime 1687160377.7870343
File C:\Programy\Python\Zadania\django_zaawansowany\venv\Lib\site-packages\django\contrib\admin\decorators.py first seen with mtime 1687160376.0256734
File C:\Program Files\Python38\Lib\importlib\util.py first seen with mtime 1582666236.0
File C:\Programy\Python\Zadania\django_zaawansowany\venv\Lib\site-packages\django_extensions\__init__.py first seen with mtime 1687165953.6670215
File C:\Programy\Python\Zadania\django_zaawansowany\venv\Lib\site-packages\django\contrib\__init__.py first seen with mtime 1687160376.0241568
File C:\Program Files\Python38\Lib\functools.py first seen with mtime 1582666236.0
File C:\Program Files\Python38\Lib\operator.py first seen with mtime 1582666236.0
File C:\Programy\Python\Zadania\django_zaawansowany\venv\Lib\site-packages\django\core\checks\caches.py first seen with mtime 1687160377.6828778
File C:\Programy\Python\Zadania\django_zaawansowany\venv\Lib\site-packages\django\template\smartif.py first seen with mtime 1687160377.8475468
File C:\Program Files\Python38\Lib\concurrent\futures\__init__.py first seen with mtime 1582666236.0
File C:\Program Files\Python38\Lib\_compat_pickle.py first seen with mtime 1582666236.0
File C:\Programy\Python\Zadania\django_zaawansowany\venv\Lib\site-packages\django\forms\boundfield.py first seen with mtime 1687160377.7890291
File C:\Program Files\Python38\Lib\email\mime\message.py first seen with mtime 1582666236.0
File C:\Program Files\Python38\Lib\uu.py first seen with mtime 1582666236.0
File C:\Programy\Python\Zadania\django_zaawansowany\venv\Lib\site-packages\django\utils\datastructures.py first seen with mtime 1687160377.8620577
File C:\Programy\Python\Zadania\django_zaawansowany\venv\Lib\site-packages\django\contrib\auth\backends.py first seen with mtime 1687160376.4619393
File C:\Programy\Python\Zadania\django_zaawansowany\venv\Lib\site-packages\django\utils\ipv6.py first seen with mtime 1687160377.8769183
File C:\Programy\Python\Zadania\django_zaawansowany\venv\Lib\site-packages\django\db\backends\sqlite3\base.py first seen with mtime 1687160377.7518713
File C:\Programy\Python\Zadania\django_zaawansowany\venv\Lib\site-packages\django\template\loader.py first seen with mtime 1687160377.8465495
File C:\Programy\Python\Zadania\django_zaawansowany\venv\Lib\site-packages\django\views\__init__.py first seen with mtime 1687160377.8878887
File C:\Programy\Python\Zadania\django_zaawansowany\venv\Lib\site-packages\colorama\winterm.py first seen with mtime 1687166257.7917864
File C:\Programy\Python\Zadania\django_zaawansowany\venv\Lib\site-packages\django\http\response.py first seen with mtime 1687160377.832087
File C:\Programy\Python\Zadania\django_zaawansowany\venv\Lib\site-packages\django\template\loader_tags.py first seen with mtime 1687160377.8465495
File C:\Programy\Python\Zadania\django_zaawansowany\venv\Lib\site-packages\django\db\models\fields\mixins.py first seen with mtime 1687160377.775869
File C:\Programy\Python\Zadania\django_zaawansowany\venv\Lib\site-packages\django\conf\locale\__init__.py first seen with mtime 1687160375.8322263
File C:\Program Files\Python38\Lib\ipaddress.py first seen with mtime 1582666236.0
File C:\Programy\Python\Zadania\django_zaawansowany\templates\email_form.html first seen with mtime 1687430552.9412303
File C:\Programy\Python\Zadania\django_zaawansowany\templates\logged_out.html first seen with mtime 1687160376.332
File C:\Programy\Python\Zadania\django_zaawansowany\templates\password_change_done.html first seen with mtime 1687160376.336
File C:\Programy\Python\Zadania\django_zaawansowany\templates\password_change_form.html first seen with mtime 1687160376.336
File C:\Programy\Python\Zadania\django_zaawansowany\templates\password_reset_complete.html first seen with mtime 1687160376.336
File C:\Programy\Python\Zadania\django_zaawansowany\templates\password_reset_confirm.html first seen with mtime 1687160376.336
File C:\Programy\Python\Zadania\django_zaawansowany\templates\password_reset_done.html first seen with mtime 1687160376.336
File C:\Programy\Python\Zadania\django_zaawansowany\templates\password_reset_email.html first seen with mtime 1687160376.336
File C:\Programy\Python\Zadania\django_zaawansowany\templates\password_reset_form.html first seen with mtime 1687160376.336
File C:\Programy\Python\Zadania\django_zaawansowany\venv\lib\site-packages\django_extensions\templates\django_extensions first seen with mtime 1687165955.041711
File C:\Programy\Python\Zadania\django_zaawansowany\venv\lib\site-packages\django_extensions\templates\django_extensions\graph_models first seen with mtime 1687165955.0104535
File C:\Programy\Python\Zadania\django_zaawansowany\venv\lib\site-packages\django_extensions\templates\django_extensions\widgets first seen with mtime 1687165955.0528567
File C:\Programy\Python\Zadania\django_zaawansowany\venv\lib\site-packages\django_extensions\templates\django_extensions\graph_models\django2018 first seen with mtime 1687165955.0104535
File C:\Programy\Python\Zadania\django_zaawansowany\venv\lib\site-packages\django_extensions\templates\django_extensions\graph_models\original first seen with mtime 1687165955.0407357
File C:\Programy\Python\Zadania\django_zaawansowany\venv\lib\site-packages\django_extensions\templates\django_extensions\graph_models\django2018\digraph.dot first seen with mtime 1687165953.7450986
File C:\Programy\Python\Zadania\django_zaawansowany\venv\lib\site-packages\django_extensions\templates\django_extensions\graph_models\django2018\label.dot first seen with mtime 1687165953.7450986
File C:\Programy\Python\Zadania\django_zaawansowany\venv\lib\site-packages\django_extensions\templates\django_extensions\graph_models\django2018\relation.dot first seen with mtime 1687165953.7450986
File C:\Programy\Python\Zadania\django_zaawansowany\venv\lib\site-packages\django_extensions\templates\django_extensions\graph_models\original\digraph.dot first seen with mtime 1687165953.7450986
File C:\Programy\Python\Zadania\django_zaawansowany\venv\lib\site-packages\django_extensions\templates\django_extensions\graph_models\original\label.dot first seen with mtime 1687165953.7450986
File C:\Programy\Python\Zadania\django_zaawansowany\venv\lib\site-packages\django_extensions\templates\django_extensions\graph_models\original\relation.dot first seen with mtime 1687165953.7450986
File C:\Programy\Python\Zadania\django_zaawansowany\venv\lib\site-packages\django_extensions\templates\django_extensions\widgets\foreignkey_searchinput.html first seen with mtime 1687165953.7450986
File C:\Programy\Python\Zadania\django_zaawansowany\venv\lib\site-packages\django_extensions\locale\da\LC_MESSAGES\django.mo first seen with mtime 1687165953.6826136
File C:\Programy\Python\Zadania\django_zaawansowany\venv\lib\site-packages\django_extensions\locale\de\LC_MESSAGES\django.mo first seen with mtime 1687165953.6826136
File C:\Programy\Python\Zadania\django_zaawansowany\venv\lib\site-packages\django_extensions\locale\el\LC_MESSAGES\django.mo first seen with mtime 1687165953.6826136
File C:\Programy\Python\Zadania\django_zaawansowany\venv\lib\site-packages\django_extensions\locale\en\LC_MESSAGES\django.mo first seen with mtime 1687165953.6826136
File C:\Programy\Python\Zadania\django_zaawansowany\venv\lib\site-packages\django_extensions\locale\es\LC_MESSAGES\django.mo first seen with mtime 1687165953.698234
File C:\Programy\Python\Zadania\django_zaawansowany\venv\lib\site-packages\django_extensions\locale\fr\LC_MESSAGES\django.mo first seen with mtime 1687165953.698234
File C:\Programy\Python\Zadania\django_zaawansowany\venv\lib\site-packages\django_extensions\locale\hu\LC_MESSAGES\django.mo first seen with mtime 1687165953.698234
File C:\Programy\Python\Zadania\django_zaawansowany\venv\lib\site-packages\django_extensions\locale\id\LC_MESSAGES\django.mo first seen with mtime 1687165953.698234
File C:\Programy\Python\Zadania\django_zaawansowany\venv\lib\site-packages\django_extensions\locale\it\LC_MESSAGES\django.mo first seen with mtime 1687165953.698234
File C:\Programy\Python\Zadania\django_zaawansowany\venv\lib\site-packages\django_extensions\locale\ja\LC_MESSAGES\django.mo first seen with mtime 1687165953.698234
File C:\Programy\Python\Zadania\django_zaawansowany\venv\lib\site-packages\django_extensions\locale\pl\LC_MESSAGES\django.mo first seen with mtime 1687165953.698234
File C:\Programy\Python\Zadania\django_zaawansowany\venv\lib\site-packages\django_extensions\locale\pt\LC_MESSAGES\django.mo first seen with mtime 1687165953.698234
File C:\Programy\Python\Zadania\django_zaawansowany\venv\lib\site-packages\django_extensions\locale\pt_BR\LC_MESSAGES\django.mo first seen with mtime 1687165953.698234
File C:\Programy\Python\Zadania\django_zaawansowany\venv\lib\site-packages\django_extensions\locale\ro\LC_MESSAGES\django.mo first seen with mtime 1687165953.698234
File C:\Programy\Python\Zadania\django_zaawansowany\venv\lib\site-packages\django_extensions\locale\ru\LC_MESSAGES\django.mo first seen with mtime 1687165953.698234
File C:\Programy\Python\Zadania\django_zaawansowany\venv\Lib\site-packages\django\core\cache\backends\locmem.py first seen with mtime 1687160377.680884
File C:\Programy\Python\Zadania\django_zaawansowany\venv\Lib\site-packages\django\contrib\auth\migrations\0004_alter_user_username_opts.py first seen with mtime 1687160376.5923316
File C:\Programy\Python\Zadania\django_zaawansowany\venv\Lib\site-packages\django\contrib\auth\migrations\0009_alter_user_last_name_max_length.py first seen with mtime 1687160376.5923316
File C:\Programy\Python\Zadania\django_zaawansowany\venv\Lib\site-packages\django\contrib\auth\migrations\0001_initial.py first seen with mtime 1687160376.5923316
File C:\Programy\Python\Zadania\django_zaawansowany\venv\Lib\site-packages\django\db\migrations\recorder.py first seen with mtime 1687160377.7575052
File C:\Programy\Python\Zadania\django_zaawansowany\venv\Lib\site-packages\django\contrib\sessions\backends\db.py first seen with mtime 1687160377.42417
File C:\Program Files\Python38\Lib\encodings\idna.py first seen with mtime 1582666236.0
File C:\Programy\Python\Zadania\django_zaawansowany\venv\Lib\site-packages\django\middleware\common.py first seen with mtime 1687160377.8371909
File C:\Programy\Python\Zadania\django_zaawansowany\venv\Lib\site-packages\django\contrib\sessions\migrations\__init__.py first seen with mtime 1687160377.5445774
File C:\Programy\Python\Zadania\django_zaawansowany\venv\Lib\site-packages\django\contrib\auth\migrations\0011_update_proxy_permissions.py first seen with mtime 1687160376.5923316
File C:\Programy\Python\Zadania\django_zaawansowany\venv\Lib\site-packages\django\contrib\contenttypes\migrations\__init__.py first seen with mtime 1687160376.7151852
File C:\Programy\Python\Zadania\django_zaawansowany\venv\Lib\site-packages\django\contrib\auth\migrations\0006_require_contenttypes_0002.py first seen with mtime 1687160376.5923316
File C:\Programy\Python\Zadania\django_zaawansowany\venv\Lib\site-packages\django\contrib\admin\migrations\0003_logentry_add_action_flag_choices.py first seen with mtime 1687160376.2510076
File C:\Programy\Python\Zadania\django_zaawansowany\venv\Lib\site-packages\django\db\models\sql\compiler.py first seen with mtime 1687160377.7840428
File C:\Programy\Python\Zadania\django_zaawansowany\library\migrations\__init__.py first seen with mtime 1687161198.890417
File C:\Programy\Python\Zadania\django_zaawansowany\venv\Lib\site-packages\django\views\csrf.py first seen with mtime 1687160377.8878887
File C:\Programy\Python\Zadania\django_zaawansowany\venv\Lib\site-packages\django\contrib\auth\migrations\0008_alter_user_username_max_length.py first seen with mtime 1687160376.5923316
File C:\Programy\Python\Zadania\django_zaawansowany\venv\Lib\site-packages\django\contrib\admin\migrations\0002_logentry_remove_auto_add.py first seen with mtime 1687160376.2500105
File C:\Programy\Python\Zadania\django_zaawansowany\venv\Lib\site-packages\django\contrib\auth\migrations\__init__.py first seen with mtime 1687160376.5923316
File C:\Programy\Python\Zadania\django_zaawansowany\venv\Lib\site-packages\django\contrib\auth\migrations\0005_alter_user_last_login_null.py first seen with mtime 1687160376.5923316
File C:\Programy\Python\Zadania\django_zaawansowany\venv\Lib\site-packages\django\contrib\auth\migrations\0012_alter_user_first_name_max_length.py first seen with mtime 1687160376.5923316
File C:\Programy\Python\Zadania\django_zaawansowany\venv\Lib\site-packages\django\contrib\messages\middleware.py first seen with mtime 1687160377.2021348
File C:\Programy\Python\Zadania\django_zaawansowany\venv\Lib\site-packages\django\contrib\contenttypes\migrations\0002_remove_content_type_name.py first seen with mtime 1687160376.7151852
File C:\Programy\Python\Zadania\django_zaawansowany\venv\Lib\site-packages\django\views\defaults.py first seen with mtime 1687160377.888886
File C:\Programy\Python\Zadania\django_zaawansowany\venv\Lib\site-packages\django\contrib\admin\migrations\0001_initial.py first seen with mtime 1687160376.2500105
File C:\Programy\Python\Zadania\django_zaawansowany\venv\Lib\site-packages\django\db\migrations\graph.py first seen with mtime 1687160377.7575052
File C:\Program Files\Python38\Lib\stringprep.py first seen with mtime 1582666236.0
File C:\Programy\Python\Zadania\django_zaawansowany\zaawansowany\wsgi.py first seen with mtime 1687160507.9999018
File C:\Programy\Python\Zadania\django_zaawansowany\venv\Lib\site-packages\django\contrib\sessions\migrations\0001_initial.py first seen with mtime 1687160377.5445774
File C:\Programy\Python\Zadania\django_zaawansowany\venv\Lib\site-packages\django\middleware\clickjacking.py first seen with mtime 1687160377.8371909
File C:\Programy\Python\Zadania\django_zaawansowany\venv\Lib\site-packages\django\db\migrations\executor.py first seen with mtime 1687160377.7575052
File C:\Programy\Python\Zadania\django_zaawansowany\venv\Lib\site-packages\django\db\migrations\loader.py first seen with mtime 1687160377.7575052
File C:\Programy\Python\Zadania\django_zaawansowany\venv\Lib\site-packages\django\contrib\contenttypes\migrations\0001_initial.py first seen with mtime 1687160376.714188
File C:\Programy\Python\Zadania\django_zaawansowany\library\migrations\0003_book_genre.py first seen with mtime 1687254854.9198735
File C:\Programy\Python\Zadania\django_zaawansowany\venv\Lib\site-packages\django\contrib\auth\migrations\0002_alter_permission_name_max_length.py first seen with mtime 1687160376.5923316
File C:\Programy\Python\Zadania\django_zaawansowany\venv\Lib\site-packages\django\conf\urls\__init__.py first seen with mtime 1687160376.023159
File C:\Programy\Python\Zadania\django_zaawansowany\venv\Lib\site-packages\django\contrib\auth\migrations\0003_alter_user_email_max_length.py first seen with mtime 1687160376.5923316
File C:\Programy\Python\Zadania\django_zaawansowany\venv\Lib\site-packages\django\contrib\admin\migrations\__init__.py first seen with mtime 1687160376.2510076
File C:\Programy\Python\Zadania\django_zaawansowany\library\migrations\0001_initial.py first seen with mtime 1687163847.7114756
File C:\Programy\Python\Zadania\django_zaawansowany\venv\Lib\site-packages\django\contrib\auth\migrations\0010_alter_group_name_max_length.py first seen with mtime 1687160376.5923316
File C:\Programy\Python\Zadania\django_zaawansowany\venv\Lib\site-packages\django\contrib\auth\migrations\0007_alter_validators_add_error_messages.py first seen with mtime 1687160376.5923316
File C:\Programy\Python\Zadania\django_zaawansowany\library\migrations\0002_alter_book_author.py first seen with mtime 1687249760.6351647
(0.000) SELECT "library_author"."id", "library_author"."name", "library_author"."surname", "library_author"."birthday" FROM "library_author" LIMIT 21; args=(); alias=default
File C:\Programy\Python\Zadania\django_zaawansowany\zaawansowany\settings.py previous mtime: 1687433870.9329388, current mtime: 1687434366.2872372
C:\Programy\Python\Zadania\django_zaawansowany\zaawansowany\settings.py notified as changed. Signal results: [(<function template_changed at 0x000001E82930F430>, None), (<function translation_file_changed at 0x000001E829C0E5E0>, None)].
C:\Programy\Python\Zadania\django_zaawansowany\zaawansowany\settings.py changed, reloading.
